#! /usr/bin/vvp
:ivl_version "11.0 (stable)";
:ivl_delay_selection "TYPICAL";
:vpi_time_precision - 12;
:vpi_module "/usr/lib/x86_64-linux-gnu/ivl/system.vpi";
:vpi_module "/usr/lib/x86_64-linux-gnu/ivl/vhdl_sys.vpi";
:vpi_module "/usr/lib/x86_64-linux-gnu/ivl/vhdl_textio.vpi";
:vpi_module "/usr/lib/x86_64-linux-gnu/ivl/v2005_math.vpi";
:vpi_module "/usr/lib/x86_64-linux-gnu/ivl/va_math.vpi";
S_0x55e033eaef00 .scope module, "tb" "tb" 2 23;
 .timescale -9 -12;
v0x55e033edcd60_0 .var "clk", 0 0;
v0x55e033edce70_0 .net "count", 8 0, v0x55e033eda780_0;  1 drivers
v0x55e033edcf80_0 .var "en", 0 0;
v0x55e033edd020_0 .var "reset", 0 0;
S_0x55e033ebfa70 .scope module, "DUT" "top_tinytapeout" 2 30, 3 1 0, S_0x55e033eaef00;
 .timescale 0 0;
    .port_info 0 /INPUT 1 "clk";
    .port_info 1 /INPUT 1 "en";
    .port_info 2 /INPUT 1 "reset";
    .port_info 3 /OUTPUT 9 "count";
v0x55e033edc8c0_0 .net "clk", 0 0, v0x55e033edcd60_0;  1 drivers
v0x55e033edc990_0 .net "count", 8 0, v0x55e033eda780_0;  alias, 1 drivers
v0x55e033edca60_0 .net "en", 0 0, v0x55e033edcf80_0;  1 drivers
v0x55e033edcb80_0 .net "out_osc", 0 0, L_0x55e033edd610;  1 drivers
v0x55e033edcc70_0 .net "reset", 0 0, v0x55e033edd020_0;  1 drivers
S_0x55e033ebfc00 .scope module, "cont" "contador" 3 5, 4 1 0, S_0x55e033ebfa70;
 .timescale -9 -12;
    .port_info 0 /INPUT 1 "osc_clk";
    .port_info 1 /INPUT 1 "en";
    .port_info 2 /INPUT 1 "reset";
    .port_info 3 /INPUT 1 "clk";
    .port_info 4 /OUTPUT 9 "count";
v0x55e033eafd40_0 .var "aux", 0 0;
v0x55e033eda6c0_0 .net "clk", 0 0, v0x55e033edcd60_0;  alias, 1 drivers
v0x55e033eda780_0 .var "count", 8 0;
v0x55e033eda840_0 .net "en", 0 0, v0x55e033edcf80_0;  alias, 1 drivers
v0x55e033eda900_0 .net "osc_clk", 0 0, L_0x55e033edd610;  alias, 1 drivers
v0x55e033edaa10_0 .net "reset", 0 0, v0x55e033edd020_0;  alias, 1 drivers
E_0x55e033ebf5d0 .event posedge, v0x55e033eda900_0;
S_0x55e033edab70 .scope module, "osc" "test_ringosc_vargen" 3 4, 5 23 0, S_0x55e033ebfa70;
 .timescale -9 -12;
    .port_info 0 /INPUT 1 "en";
    .port_info 1 /OUTPUT 1 "out";
P_0x55e033edad70 .param/l "etapas" 1 5 28, +C4<00000000000000000000000000000011>;
L_0x55e033edd4d0 .functor AND 1, L_0x55e033edd610, v0x55e033edcf80_0, C4<1>, C4<1>;
L_0x55e033edd610 .functor BUFZ 1, L_0x55e033edd380, C4<0>, C4<0>, C4<0>;
v0x55e033edc5d0 .array "aux_wire", 0 3;
v0x55e033edc5d0_0 .net v0x55e033edc5d0 0, 0 0, L_0x55e033edd4d0; 1 drivers
v0x55e033edc5d0_1 .net v0x55e033edc5d0 1, 0 0, L_0x55e033edd110; 1 drivers
v0x55e033edc5d0_2 .net v0x55e033edc5d0 2, 0 0, L_0x55e033edd1f0; 1 drivers
v0x55e033edc5d0_3 .net v0x55e033edc5d0 3, 0 0, L_0x55e033edd380; 1 drivers
v0x55e033edc6f0_0 .net "en", 0 0, v0x55e033edcf80_0;  alias, 1 drivers
v0x55e033edc7c0_0 .net "out", 0 0, L_0x55e033edd610;  alias, 1 drivers
S_0x55e033edae10 .scope generate, "genblk1[0]" "genblk1[0]" 5 34, 5 34 0, S_0x55e033edab70;
 .timescale -9 -12;
P_0x55e033edb030 .param/l "i" 0 5 34, +C4<00>;
S_0x55e033edb110 .scope module, "inv" "NOR_2" 5 35, 6 23 0, S_0x55e033edae10;
 .timescale -9 -12;
    .port_info 0 /OUTPUT 1 "Y";
    .port_info 1 /INPUT 1 "A";
    .port_info 2 /INPUT 1 "B";
L_0x55e033edd110/d .functor NOR 1, L_0x55e033edd4d0, L_0x55e033edd4d0, C4<0>, C4<0>;
L_0x55e033edd110 .delay 1 (2000,2000,2000) L_0x55e033edd110/d;
v0x55e033edb360_0 .net "A", 0 0, L_0x55e033edd4d0;  alias, 1 drivers
v0x55e033edb440_0 .net "B", 0 0, L_0x55e033edd4d0;  alias, 1 drivers
v0x55e033edb500_0 .net "Y", 0 0, L_0x55e033edd110;  alias, 1 drivers
S_0x55e033edb5e0 .scope generate, "genblk1[1]" "genblk1[1]" 5 34, 5 34 0, S_0x55e033edab70;
 .timescale -9 -12;
P_0x55e033edb7e0 .param/l "i" 0 5 34, +C4<01>;
S_0x55e033edb8a0 .scope module, "inv" "NOR_2" 5 35, 6 23 0, S_0x55e033edb5e0;
 .timescale -9 -12;
    .port_info 0 /OUTPUT 1 "Y";
    .port_info 1 /INPUT 1 "A";
    .port_info 2 /INPUT 1 "B";
L_0x55e033edd1f0/d .functor NOR 1, L_0x55e033edd110, L_0x55e033edd110, C4<0>, C4<0>;
L_0x55e033edd1f0 .delay 1 (2000,2000,2000) L_0x55e033edd1f0/d;
v0x55e033edbaf0_0 .net "A", 0 0, L_0x55e033edd110;  alias, 1 drivers
v0x55e033edbbe0_0 .net "B", 0 0, L_0x55e033edd110;  alias, 1 drivers
v0x55e033edbcd0_0 .net "Y", 0 0, L_0x55e033edd1f0;  alias, 1 drivers
S_0x55e033edbdd0 .scope generate, "genblk1[2]" "genblk1[2]" 5 34, 5 34 0, S_0x55e033edab70;
 .timescale -9 -12;
P_0x55e033edbfe0 .param/l "i" 0 5 34, +C4<010>;
S_0x55e033edc0a0 .scope module, "inv" "NOR_2" 5 35, 6 23 0, S_0x55e033edbdd0;
 .timescale -9 -12;
    .port_info 0 /OUTPUT 1 "Y";
    .port_info 1 /INPUT 1 "A";
    .port_info 2 /INPUT 1 "B";
L_0x55e033edd380/d .functor NOR 1, L_0x55e033edd1f0, L_0x55e033edd1f0, C4<0>, C4<0>;
L_0x55e033edd380 .delay 1 (2000,2000,2000) L_0x55e033edd380/d;
v0x55e033edc2f0_0 .net "A", 0 0, L_0x55e033edd1f0;  alias, 1 drivers
v0x55e033edc3e0_0 .net "B", 0 0, L_0x55e033edd1f0;  alias, 1 drivers
v0x55e033edc4d0_0 .net "Y", 0 0, L_0x55e033edd380;  alias, 1 drivers
    .scope S_0x55e033ebfc00;
T_0 ;
    %wait E_0x55e033ebf5d0;
    %load/vec4 v0x55e033edaa10_0;
    %flag_set/vec4 8;
    %jmp/0xz  T_0.0, 8;
    %pushi/vec4 1, 0, 1;
    %assign/vec4 v0x55e033eafd40_0, 0;
T_0.0 ;
    %jmp T_0;
    .thread T_0;
    .scope S_0x55e033ebfc00;
T_1 ;
    %wait E_0x55e033ebf5d0;
    %load/vec4 v0x55e033eda6c0_0;
    %load/vec4 v0x55e033eafd40_0;
    %and;
    %flag_set/vec4 8;
    %jmp/0xz  T_1.0, 8;
    %pushi/vec4 0, 0, 1;
    %assign/vec4 v0x55e033eafd40_0, 0;
    %pushi/vec4 0, 0, 9;
    %assign/vec4 v0x55e033eda780_0, 0;
    %jmp T_1.1;
T_1.0 ;
    %load/vec4 v0x55e033eda840_0;
    %flag_set/vec4 8;
    %jmp/0xz  T_1.2, 8;
    %load/vec4 v0x55e033eda6c0_0;
    %nor/r;
    %flag_set/vec4 8;
    %jmp/0xz  T_1.4, 8;
    %pushi/vec4 1, 0, 1;
    %assign/vec4 v0x55e033eafd40_0, 0;
T_1.4 ;
    %load/vec4 v0x55e033eda780_0;
    %addi 1, 0, 9;
    %assign/vec4 v0x55e033eda780_0, 0;
T_1.2 ;
T_1.1 ;
    %jmp T_1;
    .thread T_1;
    .scope S_0x55e033eaef00;
T_2 ;
    %delay 500000, 0;
    %load/vec4 v0x55e033edcd60_0;
    %inv;
    %store/vec4 v0x55e033edcd60_0, 0, 1;
    %jmp T_2;
    .thread T_2;
    .scope S_0x55e033eaef00;
T_3 ;
    %vpi_call 2 35 "$dumpfile", "test.vcd" {0 0 0};
    %vpi_call 2 36 "$dumpvars", 32'sb00000000000000000000000000000000, S_0x55e033eaef00 {0 0 0};
    %pushi/vec4 1, 0, 1;
    %store/vec4 v0x55e033edd020_0, 0, 1;
    %pushi/vec4 0, 0, 1;
    %store/vec4 v0x55e033edcd60_0, 0, 1;
    %pushi/vec4 0, 0, 1;
    %store/vec4 v0x55e033edcf80_0, 0, 1;
    %delay 10000, 0;
    %pushi/vec4 0, 0, 1;
    %store/vec4 v0x55e033edd020_0, 0, 1;
    %delay 1500000, 0;
    %pushi/vec4 1, 0, 1;
    %store/vec4 v0x55e033edcf80_0, 0, 1;
    %delay 5000000, 0;
    %vpi_call 2 42 "$finish" {0 0 0};
    %end;
    .thread T_3;
# The file index is used to find the file name in the following table.
:file_names 7;
    "N/A";
    "<interactive>";
    "tb.v";
    "top_tinytapeout.v";
    "contador.v";
    "test_ringosc_vargen.v";
    "NOR_2.v";
